<?xml version="1.0" encoding="UTF-8"?>
<!-- Generated by org.testng.reporters.JUnitXMLReporter -->
<testsuite ignored="2" hostname="DESKTOP-QHFD0PL" failures="0" tests="4" name="DWSTest" time="0.126" errors="0" timestamp="2025-02-18T01:33:22 PST">
  <testcase classname="testng_features.WorkingWithGroups1" name="AddToCartTest" time="0.015"/>
  <testcase classname="testng_features.WorkingWithGroups1" name="SubscribeTest" time="0.003"/>
  <testcase classname="testng_features.WorkingWithGroups" name="LoginTest" time="0.003"/>
  <testcase classname="testng_features.WorkingWithGroups" name="RegisterTest" time="0.003"/>
  <testcase classname="testng_features.WorkingWithGroups1" name="VoteTest" time="0.0">
    <ignored/>
  </testcase> <!-- VoteTest -->
  <testcase classname="testng_features.WorkingWithGroups" name="SearchTest" time="0.0">
    <ignored/>
  </testcase> <!-- SearchTest -->
</testsuite> <!-- DWSTest -->
