<?xml version="1.0" encoding="UTF-8"?>
<!-- Generated by org.testng.reporters.JUnitXMLReporter -->
<testsuite ignored="0" hostname="DESKTOP-QHFD0PL" failures="0" tests="3" name="Default test" time="24.402" errors="0" timestamp="2025-02-18T02:58:43 PST">
  <testcase classname="testng_cases.TC1" name="logintest" time="0.73"/>
  <testcase classname="testng_cases.TC1" name="searchtestcase" time="1.137"/>
  <testcase classname="testng_cases.TC1" name="searchtestcase" time="1.0"/>
</testsuite> <!-- Default test -->
