<?xml version="1.0" encoding="UTF-8"?>
<!-- Generated by org.testng.reporters.JUnitXMLReporter -->
<testsuite ignored="0" hostname="DESKTOP-QHFD0PL" failures="0" tests="3" name="Demo webshop Test" time="85.475" errors="0" timestamp="2025-02-17T01:53:51 PST">
  <testcase classname="testng_cases.SubscribeTestCase" name="subscribeTest" time="39.935"/>
  <testcase classname="testng_cases.VotingTestCase" name="votingTest" time="14.89"/>
  <testcase classname="testng_cases.SearchTestCase" name="searchTestCase" time="30.538"/>
</testsuite> <!-- Demo webshop Test -->
