<?xml version="1.0" encoding="UTF-8"?>
<testng-results ignored="0" total="1" passed="1" failed="0" skipped="0">
  <reporter-output>
  </reporter-output>
  <suite started-at="2025-02-18T02:59:53 PST" name="Suite" finished-at="2025-02-18T03:00:08 PST" duration-ms="14699">
    <groups>
    </groups>
    <test started-at="2025-02-18T02:59:53 PST" name="Test" finished-at="2025-02-18T03:00:08 PST" duration-ms="14699">
      <class name="testng_cases.TC1">
        <test-method is-config="true" signature="launchapplication()[pri:0, instance:testng_cases.TC1@689604d9]" started-at="2025-02-18T02:59:53 PST" name="launchapplication" finished-at="2025-02-18T03:00:07 PST" duration-ms="13430" status="PASS">
          <reporter-output>
          </reporter-output>
        </test-method> <!-- launchapplication -->
        <test-method signature="logintest()[pri:0, instance:testng_cases.TC1@689604d9]" started-at="2025-02-18T03:00:07 PST" name="logintest" finished-at="2025-02-18T03:00:07 PST" duration-ms="913" status="PASS">
          <reporter-output>
          </reporter-output>
        </test-method> <!-- logintest -->
        <test-method is-config="true" signature="closeapplication()[pri:0, instance:testng_cases.TC1@689604d9]" started-at="2025-02-18T03:00:07 PST" name="closeapplication" finished-at="2025-02-18T03:00:08 PST" duration-ms="293" status="PASS">
          <reporter-output>
          </reporter-output>
        </test-method> <!-- closeapplication -->
      </class> <!-- testng_cases.TC1 -->
    </test> <!-- Test -->
  </suite> <!-- Suite -->
</testng-results>
